<?xml version="1.0" encoding="UTF-8"?>
<!-- Generated by org.testng.reporters.JUnitReportReporter -->
<testsuite hostname="VarunPC" failures="0" tests="1" name="mavenforjenkins.UITest" time="5.441" errors="0" timestamp="2023-05-26T16:53:19 IST" skipped="0">
  <testcase classname="mavenforjenkins.UITest" name="startBrowser" time="5.441"/>
  <system-out/>
</testsuite> <!-- mavenforjenkins.UITest -->
